<?xml version="1.0" encoding="UTF-8"?>
<!-- Generated by org.testng.reporters.JUnitReportReporter -->
<testsuite hostname="Nancys-MacBook-Air.local" failures="0" tests="1" name="test.example.day2" time="0.001" errors="0" timestamp="2023-08-16T21:42:58 IST" skipped="0">
  <testcase classname="test.example.day2" name="test1" time="0.001"/>
  <system-out/>
</testsuite> <!-- test.example.day2 -->
