<?xml version="1.0" encoding="UTF-8"?>
<!-- Generated by org.testng.reporters.JUnitReportReporter -->
<testsuite hostname="Nancys-MacBook-Air.local" failures="0" tests="1" name="test.example.SeleniumRemote" time="3.792" errors="0" timestamp="2024-02-07T11:34:55 IST" skipped="0">
  <testcase classname="test.example.SeleniumRemote" name="googleTest" time="3.792"/>
  <system-out/>
</testsuite> <!-- test.example.SeleniumRemote -->
